{"/Users/apple/remwaste/backend/src/app.ts": {"path":"/Users/apple/remwaste/backend/src/app.ts","statementMap":{"0":{"start":{"line":1,"column":0},"end":{"line":1,"column":30}},"1":{"start":{"line":2,"column":0},"end":{"line":2,"column":24}},"2":{"start":{"line":3,"column":0},"end":{"line":3,"column":28}},"3":{"start":{"line":4,"column":0},"end":{"line":4,"column":28}},"4":{"start":{"line":5,"column":0},"end":{"line":5,"column":43}},"5":{"start":{"line":6,"column":0},"end":{"line":6,"column":28}},"6":{"start":{"line":7,"column":0},"end":{"line":7,"column":41}},"7":{"start":{"line":8,"column":0},"end":{"line":8,"column":43}},"8":{"start":{"line":10,"column":0},"end":{"line":10,"column":59}},"9":{"start":{"line":11,"column":0},"end":{"line":11,"column":57}},"10":{"start":{"line":13,"column":0},"end":{"line":13,"column":46}},"11":{"start":{"line":14,"column":0},"end":{"line":14,"column":47}},"12":{"start":{"line":15,"column":0},"end":{"line":15,"column":53}},"13":{"start":{"line":16,"column":0},"end":{"line":16,"column":50}},"14":{"start":{"line":18,"column":0},"end":{"line":18,"column":16}},"15":{"start":{"line":20,"column":12},"end":{"line":20,"column":21}},"16":{"start":{"line":21,"column":0},"end":{"line":21,"column":18}},"17":{"start":{"line":22,"column":0},"end":{"line":22,"column":16}},"18":{"start":{"line":23,"column":0},"end":{"line":23,"column":24}},"19":{"start":{"line":24,"column":0},"end":{"line":24,"column":23}},"20":{"start":{"line":25,"column":0},"end":{"line":25,"column":23}},"21":{"start":{"line":27,"column":0},"end":{"line":34,"column":2}},"22":{"start":{"line":36,"column":23},"end":{"line":76,"column":2}},"23":{"start":{"line":77,"column":20},"end":{"line":77,"column":48}},"24":{"start":{"line":79,"column":0},"end":{"line":79,"column":68}},"25":{"start":{"line":81,"column":0},"end":{"line":81,"column":33}},"26":{"start":{"line":82,"column":0},"end":{"line":82,"column":34}},"27":{"start":{"line":83,"column":0},"end":{"line":83,"column":40}},"28":{"start":{"line":84,"column":0},"end":{"line":84,"column":37}},"29":{"start":{"line":86,"column":0},"end":{"line":86,"column":50}},"30":{"start":{"line":86,"column":25},"end":{"line":86,"column":48}},"31":{"start":{"line":88,"column":0},"end":{"line":88,"column":22}},"32":{"start":{"line":90,"column":0},"end":{"line":90,"column":19}}},"fnMap":{"0":{"name":"(anonymous_1)","decl":{"start":{"line":86,"column":13},"end":{"line":86,"column":14}},"loc":{"start":{"line":86,"column":25},"end":{"line":86,"column":48}}}},"branchMap":{},"s":{"0":3,"1":3,"2":3,"3":3,"4":3,"5":3,"6":3,"7":3,"8":3,"9":3,"10":3,"11":3,"12":3,"13":3,"14":3,"15":3,"16":3,"17":3,"18":3,"19":3,"20":3,"21":3,"22":3,"23":3,"24":3,"25":3,"26":3,"27":3,"28":3,"29":3,"30":0,"31":3,"32":3},"f":{"0":0},"b":{}}
,"/Users/apple/remwaste/backend/src/config/logger.ts": {"path":"/Users/apple/remwaste/backend/src/config/logger.ts","statementMap":{"0":{"start":{"line":1,"column":0},"end":{"line":1,"column":30}},"1":{"start":{"line":3,"column":13},"end":{"line":19,"column":3}},"2":{"start":{"line":11,"column":8},"end":{"line":11,"column":54}}},"fnMap":{"0":{"name":"(anonymous_1)","decl":{"start":{"line":10,"column":6},"end":{"line":10,"column":7}},"loc":{"start":{"line":11,"column":8},"end":{"line":11,"column":54}}}},"branchMap":{"0":{"loc":{"start":{"line":11,"column":36},"end":{"line":11,"column":52}},"type":"binary-expr","locations":[{"start":{"line":11,"column":36},"end":{"line":11,"column":41}},{"start":{"line":11,"column":45},"end":{"line":11,"column":52}}]}},"s":{"0":3,"1":3,"2":25},"f":{"0":25},"b":{"0":[25,25]}}
,"/Users/apple/remwaste/backend/src/controllers/auth.controller.ts": {"path":"/Users/apple/remwaste/backend/src/controllers/auth.controller.ts","statementMap":{"0":{"start":{"line":2,"column":0},"end":{"line":2,"column":83}},"1":{"start":{"line":4,"column":24},"end":{"line":11,"column":1}},"2":{"start":{"line":5,"column":2},"end":{"line":10,"column":3}},"3":{"start":{"line":6,"column":17},"end":{"line":6,"column":45}},"4":{"start":{"line":7,"column":4},"end":{"line":7,"column":61}},"5":{"start":{"line":9,"column":4},"end":{"line":9,"column":47}},"6":{"start":{"line":4,"column":13},"end":{"line":4,"column":24}},"7":{"start":{"line":13,"column":21},"end":{"line":24,"column":1}},"8":{"start":{"line":14,"column":30},"end":{"line":14,"column":38}},"9":{"start":{"line":15,"column":17},"end":{"line":15,"column":49}},"10":{"start":{"line":16,"column":2},"end":{"line":16,"column":77}},"11":{"start":{"line":16,"column":15},"end":{"line":16,"column":77}},"12":{"start":{"line":19,"column":52},"end":{"line":19,"column":63}},"13":{"start":{"line":20,"column":2},"end":{"line":23,"column":5}},"14":{"start":{"line":13,"column":13},"end":{"line":13,"column":21}},"15":{"start":{"line":26,"column":18},"end":{"line":30,"column":1}},"16":{"start":{"line":27,"column":15},"end":{"line":27,"column":57}},"17":{"start":{"line":28,"column":2},"end":{"line":28,"column":65}},"18":{"start":{"line":28,"column":13},"end":{"line":28,"column":65}},"19":{"start":{"line":29,"column":2},"end":{"line":29,"column":17}},"20":{"start":{"line":26,"column":13},"end":{"line":26,"column":18}}},"fnMap":{"0":{"name":"(anonymous_0)","decl":{"start":{"line":4,"column":24},"end":{"line":4,"column":29}},"loc":{"start":{"line":4,"column":62},"end":{"line":11,"column":1}}},"1":{"name":"(anonymous_1)","decl":{"start":{"line":13,"column":21},"end":{"line":13,"column":26}},"loc":{"start":{"line":13,"column":59},"end":{"line":24,"column":1}}},"2":{"name":"(anonymous_2)","decl":{"start":{"line":26,"column":18},"end":{"line":26,"column":23}},"loc":{"start":{"line":26,"column":56},"end":{"line":30,"column":1}}}},"branchMap":{"0":{"loc":{"start":{"line":16,"column":2},"end":{"line":16,"column":77}},"type":"if","locations":[{"start":{"line":16,"column":2},"end":{"line":16,"column":77}},{"start":{},"end":{}}]},"1":{"loc":{"start":{"line":28,"column":2},"end":{"line":28,"column":65}},"type":"if","locations":[{"start":{"line":28,"column":2},"end":{"line":28,"column":65}},{"start":{},"end":{}}]}},"s":{"0":3,"1":3,"2":3,"3":3,"4":0,"5":3,"6":3,"7":3,"8":6,"9":6,"10":6,"11":1,"12":5,"13":5,"14":3,"15":3,"16":1,"17":1,"18":0,"19":1,"20":3},"f":{"0":3,"1":6,"2":1},"b":{"0":[1,5],"1":[0,1]}}
,"/Users/apple/remwaste/backend/src/controllers/health.controller.ts": {"path":"/Users/apple/remwaste/backend/src/controllers/health.controller.ts","statementMap":{"0":{"start":{"line":3,"column":22},"end":{"line":5,"column":1}},"1":{"start":{"line":4,"column":2},"end":{"line":4,"column":66}},"2":{"start":{"line":3,"column":13},"end":{"line":3,"column":22}}},"fnMap":{"0":{"name":"(anonymous_0)","decl":{"start":{"line":3,"column":22},"end":{"line":3,"column":23}},"loc":{"start":{"line":3,"column":52},"end":{"line":5,"column":1}}}},"branchMap":{},"s":{"0":3,"1":0,"2":3},"f":{"0":0},"b":{}}
,"/Users/apple/remwaste/backend/src/controllers/patients.controller.ts": {"path":"/Users/apple/remwaste/backend/src/controllers/patients.controller.ts","statementMap":{"0":{"start":{"line":2,"column":0},"end":{"line":2,"column":null}},"1":{"start":{"line":10,"column":0},"end":{"line":10,"column":42}},"2":{"start":{"line":12,"column":30},"end":{"line":15,"column":1}},"3":{"start":{"line":13,"column":19},"end":{"line":13,"column":48}},"4":{"start":{"line":14,"column":2},"end":{"line":14,"column":21}},"5":{"start":{"line":12,"column":13},"end":{"line":12,"column":30}},"6":{"start":{"line":17,"column":29},"end":{"line":24,"column":1}},"7":{"start":{"line":18,"column":2},"end":{"line":23,"column":3}},"8":{"start":{"line":19,"column":20},"end":{"line":19,"column":56}},"9":{"start":{"line":20,"column":4},"end":{"line":20,"column":34}},"10":{"start":{"line":22,"column":4},"end":{"line":22,"column":47}},"11":{"start":{"line":17,"column":13},"end":{"line":17,"column":29}},"12":{"start":{"line":26,"column":30},"end":{"line":30,"column":1}},"13":{"start":{"line":27,"column":18},"end":{"line":27,"column":68}},"14":{"start":{"line":28,"column":2},"end":{"line":28,"column":68}},"15":{"start":{"line":28,"column":16},"end":{"line":28,"column":68}},"16":{"start":{"line":29,"column":2},"end":{"line":29,"column":20}},"17":{"start":{"line":26,"column":13},"end":{"line":26,"column":30}},"18":{"start":{"line":32,"column":29},"end":{"line":40,"column":1}},"19":{"start":{"line":33,"column":2},"end":{"line":39,"column":3}},"20":{"start":{"line":34,"column":20},"end":{"line":34,"column":79}},"21":{"start":{"line":35,"column":4},"end":{"line":35,"column":22}},"22":{"start":{"line":37,"column":4},"end":{"line":37,"column":38}},"23":{"start":{"line":38,"column":4},"end":{"line":38,"column":47}},"24":{"start":{"line":32,"column":13},"end":{"line":32,"column":29}},"25":{"start":{"line":42,"column":29},"end":{"line":49,"column":1}},"26":{"start":{"line":43,"column":2},"end":{"line":48,"column":3}},"27":{"start":{"line":44,"column":4},"end":{"line":44,"column":54}},"28":{"start":{"line":45,"column":4},"end":{"line":45,"column":37}},"29":{"start":{"line":47,"column":4},"end":{"line":47,"column":47}},"30":{"start":{"line":42,"column":13},"end":{"line":42,"column":29}},"31":{"start":{"line":51,"column":34},"end":{"line":63,"column":1}},"32":{"start":{"line":52,"column":15},"end":{"line":52,"column":23}},"33":{"start":{"line":53,"column":23},"end":{"line":53,"column":31}},"34":{"start":{"line":54,"column":2},"end":{"line":56,"column":4}},"35":{"start":{"line":57,"column":2},"end":{"line":62,"column":3}},"36":{"start":{"line":58,"column":19},"end":{"line":58,"column":60}},"37":{"start":{"line":59,"column":4},"end":{"line":59,"column":33}},"38":{"start":{"line":61,"column":4},"end":{"line":61,"column":47}},"39":{"start":{"line":51,"column":13},"end":{"line":51,"column":34}}},"fnMap":{"0":{"name":"(anonymous_0)","decl":{"start":{"line":12,"column":30},"end":{"line":12,"column":35}},"loc":{"start":{"line":12,"column":66},"end":{"line":15,"column":1}}},"1":{"name":"(anonymous_1)","decl":{"start":{"line":17,"column":29},"end":{"line":17,"column":34}},"loc":{"start":{"line":17,"column":67},"end":{"line":24,"column":1}}},"2":{"name":"(anonymous_2)","decl":{"start":{"line":26,"column":30},"end":{"line":26,"column":35}},"loc":{"start":{"line":26,"column":68},"end":{"line":30,"column":1}}},"3":{"name":"(anonymous_3)","decl":{"start":{"line":32,"column":29},"end":{"line":32,"column":34}},"loc":{"start":{"line":32,"column":67},"end":{"line":40,"column":1}}},"4":{"name":"(anonymous_4)","decl":{"start":{"line":42,"column":29},"end":{"line":42,"column":34}},"loc":{"start":{"line":42,"column":67},"end":{"line":49,"column":1}}},"5":{"name":"(anonymous_5)","decl":{"start":{"line":51,"column":34},"end":{"line":51,"column":39}},"loc":{"start":{"line":51,"column":63},"end":{"line":63,"column":1}}}},"branchMap":{"0":{"loc":{"start":{"line":28,"column":2},"end":{"line":28,"column":68}},"type":"if","locations":[{"start":{"line":28,"column":2},"end":{"line":28,"column":68}},{"start":{},"end":{}}]},"1":{"loc":{"start":{"line":55,"column":41},"end":{"line":55,"column":62}},"type":"binary-expr","locations":[{"start":{"line":55,"column":41},"end":{"line":55,"column":57}},{"start":{"line":55,"column":61},"end":{"line":55,"column":62}}]},"2":{"loc":{"start":{"line":55,"column":41},"end":{"line":55,"column":57}},"type":"cond-expr","locations":[{"start":{"line":55,"column":49},"end":{"line":55,"column":51}},{"start":{"line":55,"column":41},"end":{"line":55,"column":57}}]},"3":{"loc":{"start":{"line":55,"column":41},"end":{"line":55,"column":51}},"type":"binary-expr","locations":[{"start":{"line":55,"column":41},"end":{"line":55,"column":51}},{"start":{"line":55,"column":41},"end":{"line":55,"column":51}}]}},"s":{"0":3,"1":3,"2":3,"3":2,"4":2,"5":3,"6":3,"7":1,"8":1,"9":1,"10":0,"11":3,"12":3,"13":1,"14":1,"15":0,"16":1,"17":3,"18":3,"19":1,"20":1,"21":1,"22":0,"23":0,"24":3,"25":3,"26":1,"27":1,"28":1,"29":0,"30":3,"31":3,"32":1,"33":1,"34":1,"35":1,"36":1,"37":1,"38":0,"39":3},"f":{"0":2,"1":1,"2":1,"3":1,"4":1,"5":1},"b":{"0":[0,1],"1":[1,0],"2":[0,1],"3":[1,1]}}
,"/Users/apple/remwaste/backend/src/controllers/users.controller.ts": {"path":"/Users/apple/remwaste/backend/src/controllers/users.controller.ts","statementMap":{"0":{"start":{"line":2,"column":0},"end":{"line":2,"column":83}},"1":{"start":{"line":4,"column":27},"end":{"line":7,"column":1}},"2":{"start":{"line":5,"column":16},"end":{"line":5,"column":42}},"3":{"start":{"line":6,"column":2},"end":{"line":6,"column":18}},"4":{"start":{"line":4,"column":13},"end":{"line":4,"column":27}},"5":{"start":{"line":9,"column":27},"end":{"line":13,"column":1}},"6":{"start":{"line":10,"column":15},"end":{"line":10,"column":54}},"7":{"start":{"line":11,"column":2},"end":{"line":11,"column":65}},"8":{"start":{"line":11,"column":13},"end":{"line":11,"column":65}},"9":{"start":{"line":12,"column":2},"end":{"line":12,"column":17}},"10":{"start":{"line":9,"column":13},"end":{"line":9,"column":27}}},"fnMap":{"0":{"name":"(anonymous_0)","decl":{"start":{"line":4,"column":27},"end":{"line":4,"column":32}},"loc":{"start":{"line":4,"column":63},"end":{"line":7,"column":1}}},"1":{"name":"(anonymous_1)","decl":{"start":{"line":9,"column":27},"end":{"line":9,"column":32}},"loc":{"start":{"line":9,"column":65},"end":{"line":13,"column":1}}}},"branchMap":{"0":{"loc":{"start":{"line":11,"column":2},"end":{"line":11,"column":65}},"type":"if","locations":[{"start":{"line":11,"column":2},"end":{"line":11,"column":65}},{"start":{},"end":{}}]}},"s":{"0":3,"1":3,"2":2,"3":2,"4":3,"5":3,"6":1,"7":1,"8":0,"9":1,"10":3},"f":{"0":2,"1":1},"b":{"0":[0,1]}}
,"/Users/apple/remwaste/backend/src/middleware/auth.ts": {"path":"/Users/apple/remwaste/backend/src/middleware/auth.ts","statementMap":{"0":{"start":{"line":2,"column":0},"end":{"line":2,"column":31}},"1":{"start":{"line":8,"column":31},"end":{"line":17,"column":1}},"2":{"start":{"line":9,"column":21},"end":{"line":9,"column":46}},"3":{"start":{"line":10,"column":2},"end":{"line":10,"column":46}},"4":{"start":{"line":10,"column":19},"end":{"line":10,"column":46}},"5":{"start":{"line":11,"column":16},"end":{"line":11,"column":40}},"6":{"start":{"line":12,"column":2},"end":{"line":16,"column":5}},"7":{"start":{"line":13,"column":4},"end":{"line":13,"column":40}},"8":{"start":{"line":13,"column":13},"end":{"line":13,"column":40}},"9":{"start":{"line":14,"column":4},"end":{"line":14,"column":20}},"10":{"start":{"line":15,"column":4},"end":{"line":15,"column":11}},"11":{"start":{"line":8,"column":13},"end":{"line":8,"column":31}}},"fnMap":{"0":{"name":"(anonymous_1)","decl":{"start":{"line":8,"column":31},"end":{"line":8,"column":32}},"loc":{"start":{"line":8,"column":87},"end":{"line":17,"column":1}}},"1":{"name":"(anonymous_2)","decl":{"start":{"line":12,"column":45},"end":{"line":12,"column":46}},"loc":{"start":{"line":12,"column":59},"end":{"line":16,"column":3}}}},"branchMap":{"0":{"loc":{"start":{"line":10,"column":2},"end":{"line":10,"column":46}},"type":"if","locations":[{"start":{"line":10,"column":2},"end":{"line":10,"column":46}},{"start":{},"end":{}}]},"1":{"loc":{"start":{"line":13,"column":4},"end":{"line":13,"column":40}},"type":"if","locations":[{"start":{"line":13,"column":4},"end":{"line":13,"column":40}},{"start":{},"end":{}}]}},"s":{"0":3,"1":3,"2":15,"3":15,"4":1,"5":14,"6":14,"7":14,"8":0,"9":14,"10":14,"11":3},"f":{"0":15,"1":14},"b":{"0":[1,14],"1":[0,14]}}
,"/Users/apple/remwaste/backend/src/middleware/errorHandler.ts": {"path":"/Users/apple/remwaste/backend/src/middleware/errorHandler.ts","statementMap":{"0":{"start":{"line":2,"column":0},"end":{"line":2,"column":42}},"1":{"start":{"line":4,"column":28},"end":{"line":7,"column":1}},"2":{"start":{"line":5,"column":2},"end":{"line":5,"column":89}},"3":{"start":{"line":6,"column":2},"end":{"line":6,"column":88}},"4":{"start":{"line":4,"column":13},"end":{"line":4,"column":28}}},"fnMap":{"0":{"name":"(anonymous_0)","decl":{"start":{"line":4,"column":28},"end":{"line":4,"column":29}},"loc":{"start":{"line":4,"column":90},"end":{"line":7,"column":1}}}},"branchMap":{"0":{"loc":{"start":{"line":5,"column":61},"end":{"line":5,"column":85}},"type":"binary-expr","locations":[{"start":{"line":5,"column":61},"end":{"line":5,"column":70}},{"start":{"line":5,"column":74},"end":{"line":5,"column":85}}]},"1":{"loc":{"start":{"line":6,"column":13},"end":{"line":6,"column":30}},"type":"binary-expr","locations":[{"start":{"line":6,"column":13},"end":{"line":6,"column":23}},{"start":{"line":6,"column":27},"end":{"line":6,"column":30}}]},"2":{"loc":{"start":{"line":6,"column":46},"end":{"line":6,"column":84}},"type":"binary-expr","locations":[{"start":{"line":6,"column":46},"end":{"line":6,"column":57}},{"start":{"line":6,"column":61},"end":{"line":6,"column":84}}]}},"s":{"0":3,"1":3,"2":0,"3":0,"4":3},"f":{"0":0},"b":{"0":[0,0],"1":[0,0],"2":[0,0]}}
,"/Users/apple/remwaste/backend/src/middleware/requestLogger.ts": {"path":"/Users/apple/remwaste/backend/src/middleware/requestLogger.ts","statementMap":{"0":{"start":{"line":2,"column":0},"end":{"line":2,"column":42}},"1":{"start":{"line":4,"column":29},"end":{"line":7,"column":1}},"2":{"start":{"line":5,"column":2},"end":{"line":5,"column":74}},"3":{"start":{"line":6,"column":2},"end":{"line":6,"column":9}},"4":{"start":{"line":4,"column":13},"end":{"line":4,"column":29}}},"fnMap":{"0":{"name":"(anonymous_0)","decl":{"start":{"line":4,"column":29},"end":{"line":4,"column":30}},"loc":{"start":{"line":4,"column":81},"end":{"line":7,"column":1}}}},"branchMap":{},"s":{"0":3,"1":3,"2":24,"3":24,"4":3},"f":{"0":24},"b":{}}
,"/Users/apple/remwaste/backend/src/middleware/role.ts": {"path":"/Users/apple/remwaste/backend/src/middleware/role.ts","statementMap":{"0":{"start":{"line":4,"column":27},"end":{"line":9,"column":1}},"1":{"start":{"line":5,"column":2},"end":{"line":8,"column":4}},"2":{"start":{"line":6,"column":4},"end":{"line":6,"column":60}},"3":{"start":{"line":6,"column":33},"end":{"line":6,"column":60}},"4":{"start":{"line":7,"column":4},"end":{"line":7,"column":11}},"5":{"start":{"line":4,"column":13},"end":{"line":4,"column":27}}},"fnMap":{"0":{"name":"(anonymous_0)","decl":{"start":{"line":4,"column":27},"end":{"line":4,"column":28}},"loc":{"start":{"line":4,"column":44},"end":{"line":9,"column":1}}},"1":{"name":"(anonymous_1)","decl":{"start":{"line":5,"column":9},"end":{"line":5,"column":10}},"loc":{"start":{"line":5,"column":65},"end":{"line":8,"column":3}}}},"branchMap":{"0":{"loc":{"start":{"line":6,"column":4},"end":{"line":6,"column":60}},"type":"if","locations":[{"start":{"line":6,"column":4},"end":{"line":6,"column":60}},{"start":{},"end":{}}]},"1":{"loc":{"start":{"line":6,"column":8},"end":{"line":6,"column":22}},"type":"cond-expr","locations":[{"start":{"line":6,"column":16},"end":{"line":6,"column":18}},{"start":{"line":6,"column":16},"end":{"line":6,"column":22}}]},"2":{"loc":{"start":{"line":6,"column":8},"end":{"line":6,"column":18}},"type":"binary-expr","locations":[{"start":{"line":6,"column":8},"end":{"line":6,"column":18}},{"start":{"line":6,"column":16},"end":{"line":6,"column":18}}]}},"s":{"0":3,"1":15,"2":7,"3":3,"4":4,"5":3},"f":{"0":15,"1":7},"b":{"0":[3,4],"1":[0,7],"2":[7,7]}}
,"/Users/apple/remwaste/backend/src/prisma/client.ts": {"path":"/Users/apple/remwaste/backend/src/prisma/client.ts","statementMap":{"0":{"start":{"line":2,"column":0},"end":{"line":2,"column":46}},"1":{"start":{"line":4,"column":13},"end":{"line":4,"column":41}},"2":{"start":{"line":7,"column":0},"end":{"line":14,"column":5}},"3":{"start":{"line":9,"column":4},"end":{"line":9,"column":38}},"4":{"start":{"line":12,"column":4},"end":{"line":12,"column":51}},"5":{"start":{"line":13,"column":4},"end":{"line":13,"column":20}}},"fnMap":{"0":{"name":"(anonymous_0)","decl":{"start":{"line":8,"column":8},"end":{"line":8,"column":11}},"loc":{"start":{"line":8,"column":13},"end":{"line":10,"column":3}}},"1":{"name":"(anonymous_1)","decl":{"start":{"line":11,"column":9},"end":{"line":11,"column":10}},"loc":{"start":{"line":11,"column":17},"end":{"line":14,"column":3}}}},"branchMap":{},"s":{"0":3,"1":3,"2":3,"3":3,"4":0,"5":0},"f":{"0":3,"1":0},"b":{}}
,"/Users/apple/remwaste/backend/src/routes/auth.routes.ts": {"path":"/Users/apple/remwaste/backend/src/routes/auth.routes.ts","statementMap":{"0":{"start":{"line":1,"column":0},"end":{"line":1,"column":33}},"1":{"start":{"line":2,"column":0},"end":{"line":2,"column":69}},"2":{"start":{"line":3,"column":0},"end":{"line":3,"column":53}},"3":{"start":{"line":5,"column":15},"end":{"line":5,"column":23}},"4":{"start":{"line":31,"column":0},"end":{"line":31,"column":35}},"5":{"start":{"line":53,"column":0},"end":{"line":53,"column":29}},"6":{"start":{"line":68,"column":0},"end":{"line":68,"column":39}},"7":{"start":{"line":70,"column":0},"end":{"line":70,"column":22}}},"fnMap":{},"branchMap":{},"s":{"0":3,"1":3,"2":3,"3":3,"4":3,"5":3,"6":3,"7":3},"f":{},"b":{}}
,"/Users/apple/remwaste/backend/src/routes/health.routes.ts": {"path":"/Users/apple/remwaste/backend/src/routes/health.routes.ts","statementMap":{"0":{"start":{"line":1,"column":0},"end":{"line":1,"column":33}},"1":{"start":{"line":2,"column":0},"end":{"line":2,"column":58}},"2":{"start":{"line":4,"column":15},"end":{"line":4,"column":23}},"3":{"start":{"line":25,"column":0},"end":{"line":25,"column":24}},"4":{"start":{"line":27,"column":0},"end":{"line":27,"column":22}}},"fnMap":{},"branchMap":{},"s":{"0":3,"1":3,"2":3,"3":3,"4":3},"f":{},"b":{}}
,"/Users/apple/remwaste/backend/src/routes/patients.routes.ts": {"path":"/Users/apple/remwaste/backend/src/routes/patients.routes.ts","statementMap":{"0":{"start":{"line":1,"column":0},"end":{"line":1,"column":33}},"1":{"start":{"line":2,"column":0},"end":{"line":2,"column":null}},"2":{"start":{"line":10,"column":0},"end":{"line":10,"column":53}},"3":{"start":{"line":11,"column":0},"end":{"line":11,"column":49}},"4":{"start":{"line":13,"column":15},"end":{"line":13,"column":23}},"5":{"start":{"line":14,"column":0},"end":{"line":14,"column":28}},"6":{"start":{"line":35,"column":0},"end":{"line":35,"column":32}},"7":{"start":{"line":61,"column":0},"end":{"line":61,"column":35}},"8":{"start":{"line":89,"column":0},"end":{"line":89,"column":54}},"9":{"start":{"line":120,"column":0},"end":{"line":120,"column":63}},"10":{"start":{"line":155,"column":0},"end":{"line":155,"column":56}},"11":{"start":{"line":190,"column":0},"end":{"line":190,"column":58}},"12":{"start":{"line":215,"column":0},"end":{"line":215,"column":59}},"13":{"start":{"line":217,"column":0},"end":{"line":217,"column":22}}},"fnMap":{},"branchMap":{},"s":{"0":3,"1":3,"2":3,"3":3,"4":3,"5":3,"6":3,"7":3,"8":3,"9":3,"10":3,"11":3,"12":3,"13":3},"f":{},"b":{}}
,"/Users/apple/remwaste/backend/src/routes/users.routes.ts": {"path":"/Users/apple/remwaste/backend/src/routes/users.routes.ts","statementMap":{"0":{"start":{"line":1,"column":0},"end":{"line":1,"column":33}},"1":{"start":{"line":2,"column":0},"end":{"line":2,"column":75}},"2":{"start":{"line":3,"column":0},"end":{"line":3,"column":53}},"3":{"start":{"line":5,"column":15},"end":{"line":5,"column":23}},"4":{"start":{"line":6,"column":0},"end":{"line":6,"column":28}},"5":{"start":{"line":33,"column":0},"end":{"line":33,"column":29}},"6":{"start":{"line":66,"column":0},"end":{"line":66,"column":32}},"7":{"start":{"line":68,"column":0},"end":{"line":68,"column":22}}},"fnMap":{},"branchMap":{},"s":{"0":3,"1":3,"2":3,"3":3,"4":3,"5":3,"6":3,"7":3},"f":{},"b":{}}
,"/Users/apple/remwaste/backend/src/services/auth.service.ts": {"path":"/Users/apple/remwaste/backend/src/services/auth.service.ts","statementMap":{"0":{"start":{"line":1,"column":0},"end":{"line":1,"column":42}},"1":{"start":{"line":2,"column":0},"end":{"line":2,"column":30}},"2":{"start":{"line":3,"column":0},"end":{"line":3,"column":31}},"3":{"start":{"line":5,"column":28},"end":{"line":10,"column":1}},"4":{"start":{"line":6,"column":17},"end":{"line":6,"column":53}},"5":{"start":{"line":7,"column":2},"end":{"line":9,"column":5}},"6":{"start":{"line":5,"column":13},"end":{"line":5,"column":28}},"7":{"start":{"line":12,"column":25},"end":{"line":19,"column":1}},"8":{"start":{"line":13,"column":15},"end":{"line":13,"column":65}},"9":{"start":{"line":14,"column":2},"end":{"line":14,"column":25}},"10":{"start":{"line":14,"column":13},"end":{"line":14,"column":25}},"11":{"start":{"line":15,"column":16},"end":{"line":15,"column":61}},"12":{"start":{"line":16,"column":2},"end":{"line":16,"column":26}},"13":{"start":{"line":16,"column":14},"end":{"line":16,"column":26}},"14":{"start":{"line":17,"column":16},"end":{"line":17,"column":123}},"15":{"start":{"line":18,"column":2},"end":{"line":18,"column":25}},"16":{"start":{"line":12,"column":13},"end":{"line":12,"column":25}},"17":{"start":{"line":21,"column":30},"end":{"line":23,"column":1}},"18":{"start":{"line":22,"column":2},"end":{"line":22,"column":139}},"19":{"start":{"line":21,"column":13},"end":{"line":21,"column":30}}},"fnMap":{"0":{"name":"(anonymous_1)","decl":{"start":{"line":5,"column":28},"end":{"line":5,"column":33}},"loc":{"start":{"line":5,"column":129},"end":{"line":10,"column":1}}},"1":{"name":"(anonymous_2)","decl":{"start":{"line":12,"column":25},"end":{"line":12,"column":30}},"loc":{"start":{"line":12,"column":67},"end":{"line":19,"column":1}}},"2":{"name":"(anonymous_3)","decl":{"start":{"line":21,"column":30},"end":{"line":21,"column":35}},"loc":{"start":{"line":21,"column":55},"end":{"line":23,"column":1}}}},"branchMap":{"0":{"loc":{"start":{"line":14,"column":2},"end":{"line":14,"column":25}},"type":"if","locations":[{"start":{"line":14,"column":2},"end":{"line":14,"column":25}},{"start":{},"end":{}}]},"1":{"loc":{"start":{"line":16,"column":2},"end":{"line":16,"column":26}},"type":"if","locations":[{"start":{"line":16,"column":2},"end":{"line":16,"column":26}},{"start":{},"end":{}}]}},"s":{"0":3,"1":3,"2":3,"3":3,"4":3,"5":3,"6":3,"7":3,"8":6,"9":6,"10":0,"11":6,"12":6,"13":1,"14":5,"15":5,"16":3,"17":3,"18":1,"19":3},"f":{"0":3,"1":6,"2":1},"b":{"0":[0,6],"1":[1,5]}}
,"/Users/apple/remwaste/backend/src/services/patients.service.ts": {"path":"/Users/apple/remwaste/backend/src/services/patients.service.ts","statementMap":{"0":{"start":{"line":1,"column":0},"end":{"line":1,"column":42}},"1":{"start":{"line":3,"column":37},"end":{"line":3,"column":74}},"2":{"start":{"line":3,"column":49},"end":{"line":3,"column":74}},"3":{"start":{"line":3,"column":13},"end":{"line":3,"column":37}},"4":{"start":{"line":5,"column":36},"end":{"line":12,"column":1}},"5":{"start":{"line":6,"column":59},"end":{"line":6,"column":63}},"6":{"start":{"line":7,"column":2},"end":{"line":8,"column":43}},"7":{"start":{"line":8,"column":4},"end":{"line":8,"column":43}},"8":{"start":{"line":9,"column":2},"end":{"line":11,"column":5}},"9":{"start":{"line":5,"column":13},"end":{"line":5,"column":36}},"10":{"start":{"line":14,"column":37},"end":{"line":15,"column":46}},"11":{"start":{"line":15,"column":2},"end":{"line":15,"column":46}},"12":{"start":{"line":14,"column":13},"end":{"line":14,"column":37}},"13":{"start":{"line":17,"column":36},"end":{"line":26,"column":1}},"14":{"start":{"line":18,"column":37},"end":{"line":18,"column":41}},"15":{"start":{"line":19,"column":2},"end":{"line":25,"column":5}},"16":{"start":{"line":17,"column":13},"end":{"line":17,"column":36}},"17":{"start":{"line":28,"column":36},"end":{"line":29,"column":42}},"18":{"start":{"line":29,"column":2},"end":{"line":29,"column":42}},"19":{"start":{"line":28,"column":13},"end":{"line":28,"column":36}},"20":{"start":{"line":31,"column":41},"end":{"line":35,"column":1}},"21":{"start":{"line":32,"column":2},"end":{"line":33,"column":46}},"22":{"start":{"line":33,"column":4},"end":{"line":33,"column":46}},"23":{"start":{"line":34,"column":2},"end":{"line":34,"column":55}},"24":{"start":{"line":31,"column":13},"end":{"line":31,"column":41}}},"fnMap":{"0":{"name":"(anonymous_0)","decl":{"start":{"line":3,"column":37},"end":{"line":3,"column":42}},"loc":{"start":{"line":3,"column":49},"end":{"line":3,"column":74}}},"1":{"name":"(anonymous_1)","decl":{"start":{"line":5,"column":36},"end":{"line":5,"column":41}},"loc":{"start":{"line":5,"column":56},"end":{"line":12,"column":1}}},"2":{"name":"(anonymous_2)","decl":{"start":{"line":14,"column":37},"end":{"line":14,"column":42}},"loc":{"start":{"line":15,"column":2},"end":{"line":15,"column":46}}},"3":{"name":"(anonymous_3)","decl":{"start":{"line":17,"column":36},"end":{"line":17,"column":41}},"loc":{"start":{"line":17,"column":68},"end":{"line":26,"column":1}}},"4":{"name":"(anonymous_4)","decl":{"start":{"line":28,"column":36},"end":{"line":28,"column":41}},"loc":{"start":{"line":29,"column":2},"end":{"line":29,"column":42}}},"5":{"name":"(anonymous_5)","decl":{"start":{"line":31,"column":41},"end":{"line":31,"column":46}},"loc":{"start":{"line":31,"column":67},"end":{"line":35,"column":1}}}},"branchMap":{"0":{"loc":{"start":{"line":7,"column":2},"end":{"line":8,"column":43}},"type":"if","locations":[{"start":{"line":7,"column":2},"end":{"line":8,"column":43}},{"start":{},"end":{}}]},"1":{"loc":{"start":{"line":7,"column":6},"end":{"line":7,"column":63}},"type":"binary-expr","locations":[{"start":{"line":7,"column":6},"end":{"line":7,"column":16}},{"start":{"line":7,"column":20},"end":{"line":7,"column":29}},{"start":{"line":7,"column":33},"end":{"line":7,"column":39}},{"start":{"line":7,"column":43},"end":{"line":7,"column":55}},{"start":{"line":7,"column":59},"end":{"line":7,"column":63}}]},"2":{"loc":{"start":{"line":32,"column":2},"end":{"line":33,"column":46}},"type":"if","locations":[{"start":{"line":32,"column":2},"end":{"line":33,"column":46}},{"start":{},"end":{}}]},"3":{"loc":{"start":{"line":32,"column":6},"end":{"line":32,"column":68}},"type":"binary-expr","locations":[{"start":{"line":32,"column":6},"end":{"line":32,"column":15}},{"start":{"line":32,"column":19},"end":{"line":32,"column":43}},{"start":{"line":32,"column":47},"end":{"line":32,"column":68}}]}},"s":{"0":3,"1":3,"2":2,"3":3,"4":3,"5":1,"6":1,"7":0,"8":1,"9":3,"10":3,"11":1,"12":3,"13":3,"14":1,"15":1,"16":3,"17":3,"18":1,"19":3,"20":3,"21":1,"22":0,"23":1,"24":3},"f":{"0":2,"1":1,"2":1,"3":1,"4":1,"5":1},"b":{"0":[0,1],"1":[1,1,1,1,1],"2":[0,1],"3":[1,1,1]}}
,"/Users/apple/remwaste/backend/src/services/users.service.ts": {"path":"/Users/apple/remwaste/backend/src/services/users.service.ts","statementMap":{"0":{"start":{"line":1,"column":0},"end":{"line":1,"column":42}},"1":{"start":{"line":3,"column":34},"end":{"line":13,"column":1}},"2":{"start":{"line":4,"column":2},"end":{"line":12,"column":5}},"3":{"start":{"line":3,"column":13},"end":{"line":3,"column":34}},"4":{"start":{"line":15,"column":34},"end":{"line":26,"column":1}},"5":{"start":{"line":16,"column":2},"end":{"line":25,"column":5}},"6":{"start":{"line":15,"column":13},"end":{"line":15,"column":34}}},"fnMap":{"0":{"name":"(anonymous_0)","decl":{"start":{"line":3,"column":34},"end":{"line":3,"column":39}},"loc":{"start":{"line":3,"column":45},"end":{"line":13,"column":1}}},"1":{"name":"(anonymous_1)","decl":{"start":{"line":15,"column":34},"end":{"line":15,"column":39}},"loc":{"start":{"line":15,"column":55},"end":{"line":26,"column":1}}}},"branchMap":{},"s":{"0":3,"1":3,"2":2,"3":3,"4":3,"5":1,"6":3},"f":{"0":2,"1":1},"b":{}}
}
