TN:
SF:src/app.ts
FN:86,(anonymous_1)
FNF:1
FNH:0
FNDA:0,(anonymous_1)
DA:1,3
DA:2,3
DA:3,3
DA:4,3
DA:5,3
DA:6,3
DA:7,3
DA:8,3
DA:10,3
DA:11,3
DA:13,3
DA:14,3
DA:15,3
DA:16,3
DA:18,3
DA:20,3
DA:21,3
DA:22,3
DA:23,3
DA:24,3
DA:25,3
DA:27,3
DA:36,3
DA:77,3
DA:79,3
DA:81,3
DA:82,3
DA:83,3
DA:84,3
DA:86,3
DA:88,3
DA:90,3
LF:32
LH:32
BRF:0
BRH:0
end_of_record
TN:
SF:src/config/logger.ts
FN:10,(anonymous_1)
FNF:1
FNH:1
FNDA:25,(anonymous_1)
DA:1,3
DA:3,3
DA:11,25
LF:3
LH:3
BRDA:11,0,0,25
BRDA:11,0,1,25
BRF:2
BRH:2
end_of_record
TN:
SF:src/controllers/auth.controller.ts
FN:4,(anonymous_0)
FN:13,(anonymous_1)
FN:26,(anonymous_2)
FNF:3
FNH:3
FNDA:3,(anonymous_0)
FNDA:6,(anonymous_1)
FNDA:1,(anonymous_2)
DA:2,3
DA:4,3
DA:5,3
DA:6,3
DA:7,0
DA:9,3
DA:13,3
DA:14,6
DA:15,6
DA:16,6
DA:19,5
DA:20,5
DA:26,3
DA:27,1
DA:28,1
DA:29,1
LF:16
LH:15
BRDA:16,0,0,1
BRDA:16,0,1,5
BRDA:28,1,0,0
BRDA:28,1,1,1
BRF:4
BRH:3
end_of_record
TN:
SF:src/controllers/health.controller.ts
FN:3,(anonymous_0)
FNF:1
FNH:0
FNDA:0,(anonymous_0)
DA:3,3
DA:4,0
LF:2
LH:1
BRF:0
BRH:0
end_of_record
TN:
SF:src/controllers/patients.controller.ts
FN:12,(anonymous_0)
FN:17,(anonymous_1)
FN:26,(anonymous_2)
FN:32,(anonymous_3)
FN:42,(anonymous_4)
FN:51,(anonymous_5)
FNF:6
FNH:6
FNDA:2,(anonymous_0)
FNDA:1,(anonymous_1)
FNDA:1,(anonymous_2)
FNDA:1,(anonymous_3)
FNDA:1,(anonymous_4)
FNDA:1,(anonymous_5)
DA:2,3
DA:10,3
DA:12,3
DA:13,2
DA:14,2
DA:17,3
DA:18,1
DA:19,1
DA:20,1
DA:22,0
DA:26,3
DA:27,1
DA:28,1
DA:29,1
DA:32,3
DA:33,1
DA:34,1
DA:35,1
DA:37,0
DA:38,0
DA:42,3
DA:43,1
DA:44,1
DA:45,1
DA:47,0
DA:51,3
DA:52,1
DA:53,1
DA:54,1
DA:57,1
DA:58,1
DA:59,1
DA:61,0
LF:33
LH:28
BRDA:28,0,0,0
BRDA:28,0,1,1
BRDA:55,1,0,1
BRDA:55,1,1,0
BRDA:55,2,0,0
BRDA:55,2,1,1
BRDA:55,3,0,1
BRDA:55,3,1,1
BRF:8
BRH:5
end_of_record
TN:
SF:src/controllers/users.controller.ts
FN:4,(anonymous_0)
FN:9,(anonymous_1)
FNF:2
FNH:2
FNDA:2,(anonymous_0)
FNDA:1,(anonymous_1)
DA:2,3
DA:4,3
DA:5,2
DA:6,2
DA:9,3
DA:10,1
DA:11,1
DA:12,1
LF:8
LH:8
BRDA:11,0,0,0
BRDA:11,0,1,1
BRF:2
BRH:1
end_of_record
TN:
SF:src/middleware/auth.ts
FN:8,(anonymous_1)
FN:12,(anonymous_2)
FNF:2
FNH:2
FNDA:15,(anonymous_1)
FNDA:14,(anonymous_2)
DA:2,3
DA:8,3
DA:9,15
DA:10,15
DA:11,14
DA:12,14
DA:13,14
DA:14,14
DA:15,14
LF:9
LH:9
BRDA:10,0,0,1
BRDA:10,0,1,14
BRDA:13,1,0,0
BRDA:13,1,1,14
BRF:4
BRH:3
end_of_record
TN:
SF:src/middleware/errorHandler.ts
FN:4,(anonymous_0)
FNF:1
FNH:0
FNDA:0,(anonymous_0)
DA:2,3
DA:4,3
DA:5,0
DA:6,0
LF:4
LH:2
BRDA:5,0,0,0
BRDA:5,0,1,0
BRDA:6,1,0,0
BRDA:6,1,1,0
BRDA:6,2,0,0
BRDA:6,2,1,0
BRF:6
BRH:0
end_of_record
TN:
SF:src/middleware/requestLogger.ts
FN:4,(anonymous_0)
FNF:1
FNH:1
FNDA:24,(anonymous_0)
DA:2,3
DA:4,3
DA:5,24
DA:6,24
LF:4
LH:4
BRF:0
BRH:0
end_of_record
TN:
SF:src/middleware/role.ts
FN:4,(anonymous_0)
FN:5,(anonymous_1)
FNF:2
FNH:2
FNDA:15,(anonymous_0)
FNDA:7,(anonymous_1)
DA:4,3
DA:5,15
DA:6,7
DA:7,4
LF:4
LH:4
BRDA:6,0,0,3
BRDA:6,0,1,4
BRDA:6,1,0,0
BRDA:6,1,1,7
BRDA:6,2,0,7
BRDA:6,2,1,7
BRF:6
BRH:5
end_of_record
TN:
SF:src/prisma/client.ts
FN:8,(anonymous_0)
FN:11,(anonymous_1)
FNF:2
FNH:1
FNDA:3,(anonymous_0)
FNDA:0,(anonymous_1)
DA:2,3
DA:4,3
DA:7,3
DA:9,3
DA:12,0
DA:13,0
LF:6
LH:4
BRF:0
BRH:0
end_of_record
TN:
SF:src/routes/auth.routes.ts
FNF:0
FNH:0
DA:1,3
DA:2,3
DA:3,3
DA:5,3
DA:31,3
DA:53,3
DA:68,3
DA:70,3
LF:8
LH:8
BRF:0
BRH:0
end_of_record
TN:
SF:src/routes/health.routes.ts
FNF:0
FNH:0
DA:1,3
DA:2,3
DA:4,3
DA:25,3
DA:27,3
LF:5
LH:5
BRF:0
BRH:0
end_of_record
TN:
SF:src/routes/patients.routes.ts
FNF:0
FNH:0
DA:1,3
DA:2,3
DA:10,3
DA:11,3
DA:13,3
DA:14,3
DA:35,3
DA:61,3
DA:89,3
DA:120,3
DA:155,3
DA:190,3
DA:215,3
DA:217,3
LF:14
LH:14
BRF:0
BRH:0
end_of_record
TN:
SF:src/routes/users.routes.ts
FNF:0
FNH:0
DA:1,3
DA:2,3
DA:3,3
DA:5,3
DA:6,3
DA:33,3
DA:66,3
DA:68,3
LF:8
LH:8
BRF:0
BRH:0
end_of_record
TN:
SF:src/services/auth.service.ts
FN:5,(anonymous_1)
FN:12,(anonymous_2)
FN:21,(anonymous_3)
FNF:3
FNH:3
FNDA:3,(anonymous_1)
FNDA:6,(anonymous_2)
FNDA:1,(anonymous_3)
DA:1,3
DA:2,3
DA:3,3
DA:5,3
DA:6,3
DA:7,3
DA:12,3
DA:13,6
DA:14,6
DA:15,6
DA:16,6
DA:17,5
DA:18,5
DA:21,3
DA:22,1
LF:15
LH:15
BRDA:14,0,0,0
BRDA:14,0,1,6
BRDA:16,1,0,1
BRDA:16,1,1,5
BRF:4
BRH:3
end_of_record
TN:
SF:src/services/patients.service.ts
FN:3,(anonymous_0)
FN:5,(anonymous_1)
FN:14,(anonymous_2)
FN:17,(anonymous_3)
FN:28,(anonymous_4)
FN:31,(anonymous_5)
FNF:6
FNH:6
FNDA:2,(anonymous_0)
FNDA:1,(anonymous_1)
FNDA:1,(anonymous_2)
FNDA:1,(anonymous_3)
FNDA:1,(anonymous_4)
FNDA:1,(anonymous_5)
DA:1,3
DA:3,3
DA:5,3
DA:6,1
DA:7,1
DA:8,0
DA:9,1
DA:14,3
DA:15,1
DA:17,3
DA:18,1
DA:19,1
DA:28,3
DA:29,1
DA:31,3
DA:32,1
DA:33,0
DA:34,1
LF:18
LH:16
BRDA:7,0,0,0
BRDA:7,0,1,1
BRDA:7,1,0,1
BRDA:7,1,1,1
BRDA:7,1,2,1
BRDA:7,1,3,1
BRDA:7,1,4,1
BRDA:32,2,0,0
BRDA:32,2,1,1
BRDA:32,3,0,1
BRDA:32,3,1,1
BRDA:32,3,2,1
BRF:12
BRH:10
end_of_record
TN:
SF:src/services/users.service.ts
FN:3,(anonymous_0)
FN:15,(anonymous_1)
FNF:2
FNH:2
FNDA:2,(anonymous_0)
FNDA:1,(anonymous_1)
DA:1,3
DA:3,3
DA:4,2
DA:15,3
DA:16,1
LF:5
LH:5
BRF:0
BRH:0
end_of_record
